
WEC-Sim Input From Standard wecSimInputFile.m Of Case Directory... 
WEC-Sim: An open-source code for simulating wave energy converters
Version: 6.0

Initializing the Simulation Class...
	Case Dir: C:\Users\phili\docs_offline\CFES\wave_pyston_model 
Elapsed time is 0.553310 seconds.

WEC-Sim Pre-processing ...   
	Infinite water depth specified in BEM and "waves.waterDepth" not specified in input file.
Set water depth to 200m for visualization.
Elapsed time is 0.071394 seconds.

WEC-Sim Simulation Settings:
	Start Time                     (sec) = 0
	End Time                       (sec) = 400
	Time Step Size                 (sec) = 0.01
	Ramp Function Time             (sec) = 100
	 Number of Time Steps     = 40000 

Wave Environment: 
	Wave Type                            = Regular Waves (Constant Hydrodynamic Coefficients)
	Wave Height, height (m)                   = 2.5
	Wave Period, period (sec)                 = 8

List of Body: Number of Bodies = 1 

	***** Body Number 1, Name: wave_pyston_head_low_res *****
	Body CG                          (m) = [0,0,0.26]
	Body Mass                       (kg) = 1128.44 
	Body Moments of Inertia       (kgm2) = [2.09073E+07,2.13061E+07,3.70855E+07]
	Body Products of Inertia      (kgm2) = [0,0,0]

List of PTO(s): Number of PTOs = 1 

	***** PTO Name: PTO1 *****
	PTO Stiffness           (N/m;Nm/rad) = 0
	PTO Damping           (Ns/m;Nsm/rad) = 1.2E+06

List of Constraint(s): No Constraint in the system


Simulating the WEC device defined in the SimMechanics model C:\Users\phili\docs_offline\CFES\wave_pyston_model\wave_pyston.slx...   
Elapsed time is 0.165331 seconds.
{Error using <a href="matlab:matlab.internal.language.introspective.errorDocCallback('wecSim')" style="font-weight:bold">wecSim</a>
Derivative of state
'wave_pyston.Translational_PTO.Translational_PCC_Prismatic_Joint.Pz.v' in block
'<a href="matlab:open_and_hilite_hyperlink ('wave_pyston/Translational PTO/Translational PCC (Prismatic Joint)','error')">wave_pyston/Translational PTO/Translational PCC (Prismatic Joint)</a>' at time 28.605
is not finite. The simulation will be stopped. There may be a singularity in the
solution.  If not, try reducing the step size (either by reducing the fixed step
size or by tightening the error tolerances)
} 
